<?xml version="1.0" encoding="UTF-8"?>
<!-- Generated by org.testng.reporters.JUnitReportReporter -->
<testsuite skipped="0" hostname="Luis-Hernandez.local" name="northeasternunversity.cxplatform.employeeportaltestcases.rightpanel.QuickLinkAndRecentLinkTestCases" tests="6" failures="0" timestamp="18 Jul 2017 21:32:47 GMT" time="151.199" errors="0">
  <testcase name="NUCP119" time="35.046" classname="northeasternunversity.cxplatform.employeeportaltestcases.rightpanel.QuickLinkAndRecentLinkTestCases"/>
  <testcase name="NUCP26" time="27.498" classname="northeasternunversity.cxplatform.employeeportaltestcases.rightpanel.QuickLinkAndRecentLinkTestCases"/>
  <testcase name="NUCP27" time="5.276" classname="northeasternunversity.cxplatform.employeeportaltestcases.rightpanel.QuickLinkAndRecentLinkTestCases"/>
  <testcase name="NUCP22" time="4.520" classname="northeasternunversity.cxplatform.employeeportaltestcases.rightpanel.QuickLinkAndRecentLinkTestCases"/>
  <testcase name="NUCP20" time="4.682" classname="northeasternunversity.cxplatform.employeeportaltestcases.rightpanel.QuickLinkAndRecentLinkTestCases"/>
  <testcase name="NUCP21" time="74.177" classname="northeasternunversity.cxplatform.employeeportaltestcases.rightpanel.QuickLinkAndRecentLinkTestCases"/>
</testsuite> <!-- northeasternunversity.cxplatform.employeeportaltestcases.rightpanel.QuickLinkAndRecentLinkTestCases -->
