<?xml version="1.0" encoding="UTF-8"?>
<!-- Generated by org.testng.reporters.JUnitReportReporter -->
<testsuite skipped="0" hostname="Luis-Hernandez.local" name="northeasternunversity.cxplatform.employeeportaltestcases.landingpage.LandingPageTestCases" tests="1" failures="0" timestamp="18 Jul 2017 17:59:38 GMT" time="18.435" errors="0">
  <testcase name="NUCP64" time="18.435" classname="northeasternunversity.cxplatform.employeeportaltestcases.landingpage.LandingPageTestCases"/>
</testsuite> <!-- northeasternunversity.cxplatform.employeeportaltestcases.landingpage.LandingPageTestCases -->
