<?xml version="1.0" encoding="UTF-8"?>
<!-- Generated by org.testng.reporters.JUnitReportReporter -->
<testsuite skipped="0" hostname="Luis-Hernandez.local" name="northeasternunversity.cxplatform.employeeportaltestcases.rightpanel.ProfileManagementTestCases" tests="1" failures="0" timestamp="18 Jul 2017 18:01:07 GMT" time="41.238" errors="0">
  <testcase name="NUCP142" time="41.238" classname="northeasternunversity.cxplatform.employeeportaltestcases.rightpanel.ProfileManagementTestCases"/>
</testsuite> <!-- northeasternunversity.cxplatform.employeeportaltestcases.rightpanel.ProfileManagementTestCases -->
