<?xml version="1.0" encoding="UTF-8"?>
<!-- Generated by org.testng.reporters.JUnitReportReporter -->
<testsuite skipped="0" hostname="Luis-Hernandez.local" name="northeasternunversity.cxplatform.employeeportaltestcases.dashboard.MyAppsTestCases" tests="1" failures="0" timestamp="18 Jul 2017 21:02:44 GMT" time="29.333" errors="0">
  <testcase name="NUCP153" time="29.333" classname="northeasternunversity.cxplatform.employeeportaltestcases.dashboard.MyAppsTestCases"/>
</testsuite> <!-- northeasternunversity.cxplatform.employeeportaltestcases.dashboard.MyAppsTestCases -->
