<?xml version="1.0" encoding="UTF-8"?>
<!-- Generated by org.testng.reporters.JUnitReportReporter -->
<testsuite skipped="0" hostname="Luis-Hernandez.local" name="northeasternunversity.cxplatform.employeeportaltestcases.userprofile.AppsAndLinksTestCases" tests="2" failures="0" timestamp="31 May 2017 21:50:44 GMT" time="32.624" errors="0">
  <testcase name="Example1" time="22.390" classname="northeasternunversity.cxplatform.employeeportaltestcases.userprofile.AppsAndLinksTestCases"/>
  <testcase name="Example2" time="10.234" classname="northeasternunversity.cxplatform.employeeportaltestcases.userprofile.AppsAndLinksTestCases"/>
</testsuite> <!-- northeasternunversity.cxplatform.employeeportaltestcases.userprofile.AppsAndLinksTestCases -->
