<?xml version="1.0" encoding="UTF-8"?>
<!-- Generated by org.testng.reporters.JUnitReportReporter -->
<testsuite skipped="0" hostname="Luis-Hernandez.local" name="northeasternunversity.cxplatform.employeeportaltestcases.userprofile.AppsAndLinksTestCases" tests="1" failures="0" timestamp="31 May 2017 15:39:36 GMT" time="57.848" errors="0">
  <testcase name="test" time="57.848" classname="northeasternunversity.cxplatform.employeeportaltestcases.userprofile.AppsAndLinksTestCases"/>
</testsuite> <!-- northeasternunversity.cxplatform.employeeportaltestcases.userprofile.AppsAndLinksTestCases -->
