<?xml version="1.0" encoding="UTF-8"?>
<!-- Generated by org.testng.reporters.JUnitReportReporter -->
<testsuite skipped="0" hostname="Luis-Hernandez.local" name="northeasternunversity.cxplatform.employeeportaltestcases.dashboard.LatestNewsTestCases" tests="2" failures="0" timestamp="18 Jul 2017 21:01:12 GMT" time="38.042" errors="0">
  <testcase name="NUCP75" time="25.725" classname="northeasternunversity.cxplatform.employeeportaltestcases.dashboard.LatestNewsTestCases"/>
  <testcase name="NUCP74" time="12.317" classname="northeasternunversity.cxplatform.employeeportaltestcases.dashboard.LatestNewsTestCases"/>
</testsuite> <!-- northeasternunversity.cxplatform.employeeportaltestcases.dashboard.LatestNewsTestCases -->
