<?xml version="1.0" encoding="UTF-8"?>
<!-- Generated by org.testng.reporters.JUnitReportReporter -->
<testsuite skipped="0" hostname="Luis-Hernandez.local" name="northeasternunversity.cxplatform.employeeportaltestcases.dashboard.LatestEventsTestCases" tests="2" failures="0" timestamp="18 Jul 2017 20:39:51 GMT" time="81.743" errors="0">
  <testcase name="NUCP82" time="29.609" classname="northeasternunversity.cxplatform.employeeportaltestcases.dashboard.LatestEventsTestCases"/>
  <testcase name="NUCP81" time="52.134" classname="northeasternunversity.cxplatform.employeeportaltestcases.dashboard.LatestEventsTestCases"/>
</testsuite> <!-- northeasternunversity.cxplatform.employeeportaltestcases.dashboard.LatestEventsTestCases -->
