<?xml version="1.0" encoding="UTF-8"?>
<!-- Generated by org.testng.reporters.JUnitReportReporter -->
<testsuite skipped="0" hostname="Luis-Hernandez.local" name="northeasternunversity.cxplatform.employeeportaltestcases.dashboard.GmailPortletTestCases" tests="1" failures="0" timestamp="20 Jul 2017 14:23:00 GMT" time="188.977" errors="0">
  <testcase name="NUCP193" time="188.977" classname="northeasternunversity.cxplatform.employeeportaltestcases.dashboard.GmailPortletTestCases"/>
</testsuite> <!-- northeasternunversity.cxplatform.employeeportaltestcases.dashboard.GmailPortletTestCases -->
