<?xml version="1.0" encoding="UTF-8"?>
<!-- Generated by org.testng.reporters.JUnitReportReporter -->
<testsuite hostname="Luis-Hernandez.local" name="northeasternunversity.cxplatform.employeeportaltestcases.landingpage.LandingPageTestCases" tests="1" failures="0" timestamp="20 Jul 2017 15:17:59 GMT" time="19.765" errors="0">
  <testcase name="NUCP64" time="19.765" classname="northeasternunversity.cxplatform.employeeportaltestcases.landingpage.LandingPageTestCases"/>
</testsuite> <!-- northeasternunversity.cxplatform.employeeportaltestcases.landingpage.LandingPageTestCases -->
